[Generation License information] 13/11/15 13:44 Previous used configuration : Architect Enterprise.
Connecting to license manager...
[Generation License information] 13/11/15 13:44 Connected to license manager : BLM
[Generation License information] 13/11/15 13:44 Testing availability for feature named "MIA_GEN_DEVELOPER" : available
[Generation License information] 13/11/15 13:44 Testing availability for feature named "MIA_GEN_ARCHITECT" : available
[Generation License information] 13/11/15 13:44 Retrieving licenses information from : /home/flo/M2ALMA/MDE/Eclipse/com.mia.studio.ide-9.1.1.gtk.x86_64/licenses/license.dat
[Generation License information] 13/11/15 13:44 Obtained feature : MIA_GEN_ARCHITECT
[Generation License information] 13/11/15 13:44 Feature provided by : /home/flo/M2ALMA/MDE/Eclipse/com.mia.studio.ide-9.1.1.gtk.x86_64/licenses/license.dat
[Generation License information] 13/11/15 13:44 Current configuration : ARCHITECT ENTERPRISE
[Mia-Studio Log information] Log messages will be archived into /home/flo/M2ALMA/MDE/Eclipse/workspace/.metadata/.plugins/com.mia.studio.common.core/9.1/Mia-Generation/log
ieving licenses information from : /home/flo/M2ALMA/MDE/Eclipse/com.mia.studio.ide-9.1.1.gtk.x86_64/licenses/license.dat
[Generation License information] 13/11/15 13:44 Obtained feature : MIA_GEN_ARCHITECT
[Generation License information] 13/11/15 13:44 Obtained feature : MIA_GEN_ARCHITECT
[Generation License information] 13/11/15 13:44 Feature provided by : /home/flo/M2ALMA/MDE/Eclipse/com.mia.studio.ide-9.1.1.gtk.x86_64/licenses/license.dat
[Generation License information] 13/11/15 13:44 Feature provided by : /home/flo/M2ALMA/MDE/Eclipse/com.mia.studio.ide-9.1.1.gtk.x86_64/licenses/license.dat
[Generation License information] 13/11/15 13:44 Current configuration : ARCHITECT ENTERPRISE
[Generation License information] 13/11/15 13:44 Current configuration : ARCHITECT ENTERPRISE
[Mia-Studio Log information] Log messages will be archived into /home/flo/M2ALMA/MDE/Eclipse/workspace/.metadata/.plugins/com.mia.studio.common.core/9.1/Mia-Generation/log
[Mia-Studio Log information] Log messages will be archived into /home/flo/M2ALMA/MDE/Eclipse/workspace/.metadata/.plugins/com.mia.studio.common.core/9.1/Mia-Generation/log
[Transformation License information] 13/11/15 13:44 Previous used configuration : Architect Enterprise.
[Transformation License information] 13/11/15 13:44 Previous used configuration : Architect Enterprise.
Connecting to license manager...
Connecting to license manager...
[Transformation License information] 13/11/15 13:44 Connected to license manager : BLM
[Transformation License information] 13/11/15 13:44 Connected to license manager : BLM
[Transformation License information] 13/11/15 13:44 Testing availability for feature named "MIA_TRANS_ARCHITECT" : available
[Transformation License information] 13/11/15 13:44 Testing availability for feature named "MIA_TRANS_ARCHITECT" : available
[Transformation License information] 13/11/15 13:44 Testing availability for feature named "MIA_TRANS_DEVELOPER" : available
[Transformation License information] 13/11/15 13:44 Testing availability for feature named "MIA_TRANS_DEVELOPER" : available
[Transformation License information] 13/11/15 13:44 Retrieving licenses information from : /home/flo/M2ALMA/MDE/Eclipse/com.mia.studio.ide-9.1.1.gtk.x86_64/licenses/license.dat
[Transformation License information] 13/11/15 13:44 Retrieving licenses information from : /home/flo/M2ALMA/MDE/Eclipse/com.mia.studio.ide-9.1.1.gtk.x86_64/licenses/license.dat
[Transformation License information] 13/11/15 13:44 Obtained feature : MIA_TRANS_ARCHITECT
[Transformation License information] 13/11/15 13:44 Obtained feature : MIA_TRANS_ARCHITECT
[Transformation License information] 13/11/15 13:44 Feature provided by : /home/flo/M2ALMA/MDE/Eclipse/com.mia.studio.ide-9.1.1.gtk.x86_64/licenses/license.dat
[Transformation License information] 13/11/15 13:44 Feature provided by : /home/flo/M2ALMA/MDE/Eclipse/com.mia.studio.ide-9.1.1.gtk.x86_64/licenses/license.dat
[Transformation License information] 13/11/15 13:44 Current configuration : ARCHITECT ENTERPRISE
[Transformation License information] 13/11/15 13:44 Current configuration : ARCHITECT ENTERPRISE
